[0706/235305.717:ERROR:process_reader_win.cc(151)] SuspendThread: Access is denied. (0x5)
[0706/235305.719:ERROR:process_reader_win.cc(123)] NtOpenThread: {Access Denied} A process has requested access to an object, but has not been granted those access rights. (0xc0000022)
[0706/235305.719:ERROR:exception_snapshot_win.cc(98)] thread ID 12764 not found in process
[0706/235305.740:ERROR:process_reader_win.cc(151)] SuspendThread: Access is denied. (0x5)
[0706/235305.741:ERROR:process_reader_win.cc(151)] SuspendThread: Access is denied. (0x5)
[0706/235305.741:ERROR:process_reader_win.cc(151)] SuspendThread: Access is denied. (0x5)
[0706/235305.741:ERROR:process_reader_win.cc(123)] NtOpenThread: {Access Denied} A process has requested access to an object, but has not been granted those access rights. (0xc0000022)
[0706/235305.742:ERROR:exception_snapshot_win.cc(98)] thread ID 26080 not found in process
[0706/235305.759:ERROR:process_reader_win.cc(151)] SuspendThread: Access is denied. (0x5)
[0706/235305.760:ERROR:process_reader_win.cc(151)] SuspendThread: Access is denied. (0x5)
[0706/235305.760:ERROR:process_reader_win.cc(123)] NtOpenThread: {Access Denied} A process has requested access to an object, but has not been granted those access rights. (0xc0000022)
[0706/235305.760:ERROR:exception_snapshot_win.cc(98)] thread ID 12756 not found in process
[0706/235305.783:ERROR:process_reader_win.cc(151)] SuspendThread: Access is denied. (0x5)
[0706/235305.784:ERROR:process_reader_win.cc(123)] NtOpenThread: {Access Denied} A process has requested access to an object, but has not been granted those access rights. (0xc0000022)
[0706/235305.799:ERROR:exception_snapshot_win.cc(98)] thread ID 10816 not found in process
[0706/235305.798:ERROR:process_reader_win.cc(151)] SuspendThread: Access is denied. (0x5)
[0706/235305.799:ERROR:process_reader_win.cc(123)] NtOpenThread: {Access Denied} A process has requested access to an object, but has not been granted those access rights. (0xc0000022)
[0706/235305.799:ERROR:exception_snapshot_win.cc(98)] thread ID 2972 not found in process
[0706/235305.841:ERROR:process_reader_win.cc(151)] SuspendThread: Access is denied. (0x5)
[0706/235305.841:ERROR:process_reader_win.cc(151)] SuspendThread: Access is denied. (0x5)
[0706/235305.841:ERROR:process_reader_win.cc(123)] NtOpenThread: {Access Denied} A process has requested access to an object, but has not been granted those access rights. (0xc0000022)
[0706/235305.841:ERROR:exception_snapshot_win.cc(98)] thread ID 23060 not found in process
[0706/235305.905:ERROR:process_reader_win.cc(151)] SuspendThread: Access is denied. (0x5)
[0706/235305.905:ERROR:process_reader_win.cc(151)] SuspendThread: Access is denied. (0x5)
[0706/235305.905:ERROR:process_reader_win.cc(151)] SuspendThread: Access is denied. (0x5)
[0706/235305.905:ERROR:process_reader_win.cc(151)] SuspendThread: Access is denied. (0x5)
[0706/235305.905:ERROR:process_reader_win.cc(151)] SuspendThread: Access is denied. (0x5)
[0706/235305.905:ERROR:process_reader_win.cc(151)] SuspendThread: Access is denied. (0x5)
[0706/235305.905:ERROR:process_reader_win.cc(151)] SuspendThread: Access is denied. (0x5)
[0706/235305.905:ERROR:process_reader_win.cc(151)] SuspendThread: Access is denied. (0x5)
[0706/235305.905:ERROR:process_reader_win.cc(151)] SuspendThread: Access is denied. (0x5)
[0706/235305.906:ERROR:process_reader_win.cc(123)] NtOpenThread: {Access Denied} A process has requested access to an object, but has not been granted those access rights. (0xc0000022)
[0706/235305.906:ERROR:exception_snapshot_win.cc(98)] thread ID 8344 not found in process
[0707/101748.612:ERROR:process_reader_win.cc(151)] SuspendThread: Access is denied. (0x5)
[0707/101748.613:ERROR:process_reader_win.cc(151)] SuspendThread: Access is denied. (0x5)
[0707/101748.613:ERROR:process_reader_win.cc(151)] SuspendThread: Access is denied. (0x5)
[0707/101748.613:ERROR:process_reader_win.cc(123)] NtOpenThread: {Access Denied} A process has requested access to an object, but has not been granted those access rights. (0xc0000022)
[0707/101748.615:ERROR:exception_snapshot_win.cc(98)] thread ID 27492 not found in process
[0707/101748.632:ERROR:process_reader_win.cc(151)] SuspendThread: Access is denied. (0x5)
[0707/101748.632:ERROR:process_reader_win.cc(123)] NtOpenThread: {Access Denied} A process has requested access to an object, but has not been granted those access rights. (0xc0000022)
[0707/101748.632:ERROR:exception_snapshot_win.cc(98)] thread ID 11144 not found in process
[0707/101748.641:ERROR:process_reader_win.cc(151)] SuspendThread: Access is denied. (0x5)
[0707/101748.641:ERROR:process_reader_win.cc(151)] SuspendThread: Access is denied. (0x5)
[0707/101748.641:ERROR:process_reader_win.cc(151)] SuspendThread: Access is denied. (0x5)
[0707/101748.641:ERROR:process_reader_win.cc(151)] SuspendThread: Access is denied. (0x5)
[0707/101748.641:ERROR:process_reader_win.cc(151)] SuspendThread: Access is denied. (0x5)
[0707/101748.641:ERROR:process_reader_win.cc(151)] SuspendThread: Access is denied. (0x5)
[0707/101748.641:ERROR:process_reader_win.cc(151)] SuspendThread: Access is denied. (0x5)
[0707/101748.641:ERROR:process_reader_win.cc(151)] SuspendThread: Access is denied. (0x5)
[0707/101748.641:ERROR:process_reader_win.cc(151)] SuspendThread: Access is denied. (0x5)
[0707/101748.641:ERROR:process_reader_win.cc(151)] SuspendThread: Access is denied. (0x5)
[0707/101748.641:ERROR:process_reader_win.cc(151)] SuspendThread: Access is denied. (0x5)
[0707/101748.641:ERROR:process_reader_win.cc(123)] NtOpenThread: {Access Denied} A process has requested access to an object, but has not been granted those access rights. (0xc0000022)
[0707/101748.642:ERROR:exception_snapshot_win.cc(98)] thread ID 1064 not found in process
[0707/101748.648:ERROR:process_reader_win.cc(123)] NtOpenThread: {Access Denied} A process has requested access to an object, but has not been granted those access rights. (0xc0000022)
[0707/101748.649:ERROR:exception_snapshot_win.cc(98)] thread ID 21772 not found in process
[0707/101748.682:ERROR:process_reader_win.cc(151)] SuspendThread: Access is denied. (0x5)
[0707/101748.682:ERROR:process_reader_win.cc(123)] NtOpenThread: {Access Denied} A process has requested access to an object, but has not been granted those access rights. (0xc0000022)
[0707/101748.682:ERROR:exception_snapshot_win.cc(98)] thread ID 600 not found in process
[0707/101748.685:ERROR:process_reader_win.cc(123)] NtOpenThread: {Access Denied} A process has requested access to an object, but has not been granted those access rights. (0xc0000022)
[0707/101748.685:ERROR:exception_snapshot_win.cc(98)] thread ID 21404 not found in process
[0707/101748.685:ERROR:process_reader_win.cc(151)] SuspendThread: Access is denied. (0x5)
[0707/101748.686:ERROR:process_reader_win.cc(151)] SuspendThread: Access is denied. (0x5)
[0707/101748.686:ERROR:process_reader_win.cc(151)] SuspendThread: Access is denied. (0x5)
[0707/101748.686:ERROR:process_reader_win.cc(123)] NtOpenThread: {Access Denied} A process has requested access to an object, but has not been granted those access rights. (0xc0000022)
[0707/101748.686:ERROR:exception_snapshot_win.cc(98)] thread ID 22652 not found in process
[0707/115443.979:ERROR:process_reader_win.cc(123)] NtOpenThread: {Access Denied} A process has requested access to an object, but has not been granted those access rights. (0xc0000022)
[0707/115443.982:ERROR:exception_snapshot_win.cc(98)] thread ID 18904 not found in process
[0707/115443.988:ERROR:process_reader_win.cc(123)] NtOpenThread: {Access Denied} A process has requested access to an object, but has not been granted those access rights. (0xc0000022)
[0707/115443.988:ERROR:exception_snapshot_win.cc(98)] thread ID 15660 not found in process
[0707/115443.990:ERROR:process_reader_win.cc(151)] SuspendThread: Access is denied. (0x5)
[0707/115443.990:ERROR:process_reader_win.cc(151)] SuspendThread: Access is denied. (0x5)
[0707/115443.990:ERROR:process_reader_win.cc(151)] SuspendThread: Access is denied. (0x5)
[0707/115443.990:ERROR:process_reader_win.cc(151)] SuspendThread: Access is denied. (0x5)
[0707/115443.990:ERROR:process_reader_win.cc(151)] SuspendThread: Access is denied. (0x5)
[0707/115443.990:ERROR:process_reader_win.cc(151)] SuspendThread: Access is denied. (0x5)
[0707/115443.990:ERROR:process_reader_win.cc(123)] NtOpenThread: {Access Denied} A process has requested access to an object, but has not been granted those access rights. (0xc0000022)
[0707/115443.991:ERROR:exception_snapshot_win.cc(98)] thread ID 26848 not found in process
[0707/115443.998:ERROR:process_reader_win.cc(151)] SuspendThread: Access is denied. (0x5)
[0707/115443.998:ERROR:process_reader_win.cc(151)] SuspendThread: Access is denied. (0x5)
[0707/115443.998:ERROR:process_reader_win.cc(151)] SuspendThread: Access is denied. (0x5)
[0707/115443.998:ERROR:process_reader_win.cc(151)] SuspendThread: Access is denied. (0x5)
[0707/115443.998:ERROR:process_reader_win.cc(123)] NtOpenThread: {Access Denied} A process has requested access to an object, but has not been granted those access rights. (0xc0000022)
[0707/115443.998:ERROR:exception_snapshot_win.cc(98)] thread ID 22908 not found in process
[0707/115444.001:ERROR:process_reader_win.cc(123)] NtOpenThread: {Access Denied} A process has requested access to an object, but has not been granted those access rights. (0xc0000022)
[0707/115444.002:ERROR:exception_snapshot_win.cc(98)] thread ID 15472 not found in process
[0707/115444.003:ERROR:process_reader_win.cc(123)] NtOpenThread: {Access Denied} A process has requested access to an object, but has not been granted those access rights. (0xc0000022)
[0707/115444.003:ERROR:exception_snapshot_win.cc(98)] thread ID 23944 not found in process
[0707/115444.005:ERROR:process_reader_win.cc(151)] SuspendThread: Access is denied. (0x5)
[0707/115444.006:ERROR:process_reader_win.cc(123)] NtOpenThread: {Access Denied} A process has requested access to an object, but has not been granted those access rights. (0xc0000022)
[0707/115444.006:ERROR:exception_snapshot_win.cc(98)] thread ID 26712 not found in process
[0707/115444.018:ERROR:process_info.cc(329)] VirtualQueryEx: Access is denied. (0x5)
[0707/115444.018:ERROR:process_info.cc(556)] ReadMemoryInfo failed
[0707/115444.018:ERROR:process_memory_win.cc(39)] Failed to initialize ProcessInfo.
[0707/115444.027:ERROR:process_reader_win.cc(123)] NtOpenThread: {Access Denied} A process has requested access to an object, but has not been granted those access rights. (0xc0000022)
[0707/115444.027:ERROR:exception_snapshot_win.cc(98)] thread ID 27192 not found in process
[0707/115444.034:ERROR:process_reader_win.cc(151)] SuspendThread: Access is denied. (0x5)
[0707/115444.034:ERROR:process_reader_win.cc(151)] SuspendThread: Access is denied. (0x5)
[0707/115444.034:ERROR:process_reader_win.cc(123)] NtOpenThread: {Access Denied} A process has requested access to an object, but has not been granted those access rights. (0xc0000022)
[0707/115444.035:ERROR:exception_snapshot_win.cc(98)] thread ID 20956 not found in process
[0707/115444.018:ERROR:scoped_process_suspend.cc(40)] NtResumeProcess: An attempt was made to access an exiting process. (0xc000010a)
[0707/115444.042:ERROR:process_reader_win.cc(123)] NtOpenThread: {Access Denied} A process has requested access to an object, but has not been granted those access rights. (0xc0000022)
[0707/115444.042:ERROR:exception_snapshot_win.cc(98)] thread ID 26616 not found in process
[0707/115444.044:ERROR:process_reader_win.cc(123)] NtOpenThread: {Access Denied} A process has requested access to an object, but has not been granted those access rights. (0xc0000022)
[0707/115444.044:ERROR:exception_snapshot_win.cc(98)] thread ID 32440 not found in process
[0707/115444.055:ERROR:process_reader_win.cc(123)] NtOpenThread: {Access Denied} A process has requested access to an object, but has not been granted those access rights. (0xc0000022)
[0707/115444.055:ERROR:exception_snapshot_win.cc(98)] thread ID 7440 not found in process
[0707/115806.144:ERROR:process_reader_win.cc(123)] NtOpenThread: {Access Denied} A process has requested access to an object, but has not been granted those access rights. (0xc0000022)
[0707/115806.145:ERROR:exception_snapshot_win.cc(98)] thread ID 25040 not found in process
[0707/115806.149:ERROR:process_reader_win.cc(123)] NtOpenThread: {Access Denied} A process has requested access to an object, but has not been granted those access rights. (0xc0000022)
[0707/115806.150:ERROR:exception_snapshot_win.cc(98)] thread ID 15332 not found in process
[0707/115806.161:ERROR:process_reader_win.cc(123)] NtOpenThread: {Access Denied} A process has requested access to an object, but has not been granted those access rights. (0xc0000022)
[0707/115806.161:ERROR:exception_snapshot_win.cc(98)] thread ID 6544 not found in process
[0707/115806.168:ERROR:process_reader_win.cc(123)] NtOpenThread: {Access Denied} A process has requested access to an object, but has not been granted those access rights. (0xc0000022)
[0707/115806.168:ERROR:exception_snapshot_win.cc(98)] thread ID 14456 not found in process
[0707/115806.171:ERROR:process_reader_win.cc(123)] NtOpenThread: {Access Denied} A process has requested access to an object, but has not been granted those access rights. (0xc0000022)
[0707/115806.171:ERROR:exception_snapshot_win.cc(98)] thread ID 26836 not found in process
[0707/115806.181:ERROR:process_reader_win.cc(123)] NtOpenThread: {Access Denied} A process has requested access to an object, but has not been granted those access rights. (0xc0000022)
[0707/115806.181:ERROR:exception_snapshot_win.cc(98)] thread ID 29112 not found in process
[0707/115806.186:ERROR:process_reader_win.cc(123)] NtOpenThread: {Access Denied} A process has requested access to an object, but has not been granted those access rights. (0xc0000022)
[0707/115806.186:ERROR:exception_snapshot_win.cc(98)] thread ID 28284 not found in process
[0709/193133.438:ERROR:process_reader_win.cc(151)] SuspendThread: Access is denied. (0x5)
[0709/193133.445:ERROR:process_reader_win.cc(123)] NtOpenThread: {Access Denied} A process has requested access to an object, but has not been granted those access rights. (0xc0000022)
[0709/193133.448:ERROR:exception_snapshot_win.cc(98)] thread ID 28628 not found in process
[0709/193133.449:ERROR:process_reader_win.cc(123)] NtOpenThread: {Access Denied} A process has requested access to an object, but has not been granted those access rights. (0xc0000022)
[0709/193133.449:ERROR:exception_snapshot_win.cc(98)] thread ID 19488 not found in process
[0709/193133.469:ERROR:process_reader_win.cc(123)] NtOpenThread: {Access Denied} A process has requested access to an object, but has not been granted those access rights. (0xc0000022)
[0709/193133.469:ERROR:exception_snapshot_win.cc(98)] thread ID 26508 not found in process
[0709/193133.477:ERROR:process_reader_win.cc(151)] SuspendThread: Access is denied. (0x5)
[0709/193133.477:ERROR:process_reader_win.cc(151)] SuspendThread: Access is denied. (0x5)
[0709/193133.477:ERROR:process_reader_win.cc(151)] SuspendThread: Access is denied. (0x5)
[0709/193133.477:ERROR:process_reader_win.cc(123)] NtOpenThread: {Access Denied} A process has requested access to an object, but has not been granted those access rights. (0xc0000022)
[0709/193133.477:ERROR:exception_snapshot_win.cc(98)] thread ID 12112 not found in process
[0709/193133.480:ERROR:process_reader_win.cc(123)] NtOpenThread: {Access Denied} A process has requested access to an object, but has not been granted those access rights. (0xc0000022)
[0709/193133.481:ERROR:exception_snapshot_win.cc(98)] thread ID 14368 not found in process
[0709/193133.481:ERROR:process_reader_win.cc(123)] NtOpenThread: {Access Denied} A process has requested access to an object, but has not been granted those access rights. (0xc0000022)
[0709/193133.481:ERROR:exception_snapshot_win.cc(98)] thread ID 16468 not found in process
[0709/193133.503:ERROR:process_reader_win.cc(151)] SuspendThread: Access is denied. (0x5)
[0709/193133.503:ERROR:process_reader_win.cc(123)] NtOpenThread: {Access Denied} A process has requested access to an object, but has not been granted those access rights. (0xc0000022)
[0709/193133.503:ERROR:exception_snapshot_win.cc(98)] thread ID 19932 not found in process
[0709/193504.218:ERROR:process_reader_win.cc(151)] SuspendThread: Access is denied. (0x5)
[0709/193504.219:ERROR:process_reader_win.cc(151)] SuspendThread: Access is denied. (0x5)
[0709/193504.219:ERROR:process_reader_win.cc(151)] SuspendThread: Access is denied. (0x5)
[0709/193504.219:ERROR:process_reader_win.cc(151)] SuspendThread: Access is denied. (0x5)
[0709/193504.219:ERROR:process_reader_win.cc(151)] SuspendThread: Access is denied. (0x5)
[0709/193504.219:ERROR:process_reader_win.cc(151)] SuspendThread: Access is denied. (0x5)
[0709/193504.219:ERROR:process_reader_win.cc(151)] SuspendThread: Access is denied. (0x5)
[0709/193504.219:ERROR:process_reader_win.cc(151)] SuspendThread: Access is denied. (0x5)
[0709/193504.219:ERROR:process_reader_win.cc(151)] SuspendThread: Access is denied. (0x5)
[0709/193504.219:ERROR:process_reader_win.cc(151)] SuspendThread: Access is denied. (0x5)
[0709/193504.219:ERROR:process_reader_win.cc(123)] NtOpenThread: {Access Denied} A process has requested access to an object, but has not been granted those access rights. (0xc0000022)
[0709/193504.220:ERROR:exception_snapshot_win.cc(98)] thread ID 17984 not found in process
[0709/193504.240:ERROR:process_reader_win.cc(151)] SuspendThread: Access is denied. (0x5)
[0709/193504.240:ERROR:process_reader_win.cc(151)] SuspendThread: Access is denied. (0x5)
[0709/193504.240:ERROR:process_reader_win.cc(123)] NtOpenThread: {Access Denied} A process has requested access to an object, but has not been granted those access rights. (0xc0000022)
[0709/193504.240:ERROR:exception_snapshot_win.cc(98)] thread ID 16636 not found in process
[0709/193504.250:ERROR:process_reader_win.cc(151)] SuspendThread: Access is denied. (0x5)
[0709/193504.250:ERROR:process_reader_win.cc(151)] SuspendThread: Access is denied. (0x5)
[0709/193504.250:ERROR:process_reader_win.cc(151)] SuspendThread: Access is denied. (0x5)
[0709/193504.250:ERROR:process_reader_win.cc(123)] NtOpenThread: {Access Denied} A process has requested access to an object, but has not been granted those access rights. (0xc0000022)
[0709/193504.250:ERROR:exception_snapshot_win.cc(98)] thread ID 29372 not found in process
[0709/193504.261:ERROR:process_reader_win.cc(151)] SuspendThread: Access is denied. (0x5)
[0709/193504.262:ERROR:process_reader_win.cc(151)] SuspendThread: Access is denied. (0x5)
[0709/193504.262:ERROR:process_reader_win.cc(151)] SuspendThread: Access is denied. (0x5)
[0709/193504.262:ERROR:process_reader_win.cc(151)] SuspendThread: Access is denied. (0x5)
[0709/193504.262:ERROR:process_reader_win.cc(123)] NtOpenThread: {Access Denied} A process has requested access to an object, but has not been granted those access rights. (0xc0000022)
[0709/193504.262:ERROR:exception_snapshot_win.cc(98)] thread ID 1552 not found in process
[0709/193504.275:ERROR:process_reader_win.cc(151)] SuspendThread: Access is denied. (0x5)
[0709/193504.275:ERROR:process_reader_win.cc(123)] NtOpenThread: {Access Denied} A process has requested access to an object, but has not been granted those access rights. (0xc0000022)
[0709/193504.275:ERROR:exception_snapshot_win.cc(98)] thread ID 30588 not found in process
[0709/193504.295:ERROR:process_reader_win.cc(151)] SuspendThread: Access is denied. (0x5)
[0709/193504.295:ERROR:process_reader_win.cc(151)] SuspendThread: Access is denied. (0x5)
[0709/193504.295:ERROR:process_reader_win.cc(151)] SuspendThread: Access is denied. (0x5)
[0709/193504.295:ERROR:process_reader_win.cc(151)] SuspendThread: Access is denied. (0x5)
[0709/193504.295:ERROR:process_reader_win.cc(151)] SuspendThread: Access is denied. (0x5)
[0709/193504.295:ERROR:process_reader_win.cc(151)] SuspendThread: Access is denied. (0x5)
[0709/193504.295:ERROR:process_reader_win.cc(151)] SuspendThread: Access is denied. (0x5)
[0709/193504.295:ERROR:process_reader_win.cc(151)] SuspendThread: Access is denied. (0x5)
[0709/193504.295:ERROR:process_reader_win.cc(151)] SuspendThread: Access is denied. (0x5)
[0709/193504.295:ERROR:process_reader_win.cc(123)] NtOpenThread: {Access Denied} A process has requested access to an object, but has not been granted those access rights. (0xc0000022)
[0709/193504.296:ERROR:exception_snapshot_win.cc(98)] thread ID 24428 not found in process
[0709/195218.661:ERROR:process_reader_win.cc(123)] NtOpenThread: {Access Denied} A process has requested access to an object, but has not been granted those access rights. (0xc0000022)
[0709/195218.663:ERROR:exception_snapshot_win.cc(98)] thread ID 29640 not found in process
[0709/195218.673:ERROR:process_reader_win.cc(151)] SuspendThread: Access is denied. (0x5)
[0709/195218.674:ERROR:process_reader_win.cc(151)] SuspendThread: Access is denied. (0x5)
[0709/195218.674:ERROR:process_reader_win.cc(151)] SuspendThread: Access is denied. (0x5)
[0709/195218.674:ERROR:process_reader_win.cc(151)] SuspendThread: Access is denied. (0x5)
[0709/195218.674:ERROR:process_reader_win.cc(151)] SuspendThread: Access is denied. (0x5)
[0709/195218.674:ERROR:process_reader_win.cc(151)] SuspendThread: Access is denied. (0x5)
[0709/195218.674:ERROR:process_reader_win.cc(151)] SuspendThread: Access is denied. (0x5)
[0709/195218.674:ERROR:process_reader_win.cc(151)] SuspendThread: Access is denied. (0x5)
[0709/195218.674:ERROR:process_reader_win.cc(151)] SuspendThread: Access is denied. (0x5)
[0709/195218.674:ERROR:process_reader_win.cc(123)] NtOpenThread: {Access Denied} A process has requested access to an object, but has not been granted those access rights. (0xc0000022)
[0709/195218.674:ERROR:exception_snapshot_win.cc(98)] thread ID 25704 not found in process
[0709/195218.680:ERROR:process_reader_win.cc(151)] SuspendThread: Access is denied. (0x5)
[0709/195218.680:ERROR:process_reader_win.cc(123)] NtOpenThread: {Access Denied} A process has requested access to an object, but has not been granted those access rights. (0xc0000022)
[0709/195218.680:ERROR:exception_snapshot_win.cc(98)] thread ID 19628 not found in process
[0709/195218.681:ERROR:process_reader_win.cc(123)] NtOpenThread: {Access Denied} A process has requested access to an object, but has not been granted those access rights. (0xc0000022)
[0709/195218.681:ERROR:exception_snapshot_win.cc(98)] thread ID 19724 not found in process
[0709/195218.687:ERROR:process_reader_win.cc(123)] NtOpenThread: {Access Denied} A process has requested access to an object, but has not been granted those access rights. (0xc0000022)
[0709/195218.687:ERROR:exception_snapshot_win.cc(98)] thread ID 7448 not found in process
[0709/195218.692:ERROR:process_reader_win.cc(151)] SuspendThread: Access is denied. (0x5)
[0709/195218.692:ERROR:process_reader_win.cc(123)] NtOpenThread: {Access Denied} A process has requested access to an object, but has not been granted those access rights. (0xc0000022)
[0709/195218.692:ERROR:exception_snapshot_win.cc(98)] thread ID 18008 not found in process
[0709/195218.705:ERROR:process_reader_win.cc(151)] SuspendThread: Access is denied. (0x5)
[0709/195218.705:ERROR:process_reader_win.cc(151)] SuspendThread: Access is denied. (0x5)
[0709/195218.705:ERROR:process_reader_win.cc(151)] SuspendThread: Access is denied. (0x5)
[0709/195218.705:ERROR:process_reader_win.cc(123)] NtOpenThread: {Access Denied} A process has requested access to an object, but has not been granted those access rights. (0xc0000022)
[0709/195218.705:ERROR:exception_snapshot_win.cc(98)] thread ID 8936 not found in process
[0709/215308.846:ERROR:process_reader_win.cc(151)] SuspendThread: Access is denied. (0x5)
[0709/215308.851:ERROR:process_reader_win.cc(151)] SuspendThread: Access is denied. (0x5)
[0709/215308.852:ERROR:process_reader_win.cc(123)] NtOpenThread: {Access Denied} A process has requested access to an object, but has not been granted those access rights. (0xc0000022)
[0709/215308.854:ERROR:exception_snapshot_win.cc(98)] thread ID 22880 not found in process
[0709/215308.855:ERROR:process_reader_win.cc(151)] SuspendThread: Access is denied. (0x5)
[0709/215308.856:ERROR:process_reader_win.cc(151)] SuspendThread: Access is denied. (0x5)
[0709/215308.856:ERROR:process_reader_win.cc(151)] SuspendThread: Access is denied. (0x5)
[0709/215308.856:ERROR:process_reader_win.cc(123)] NtOpenThread: {Access Denied} A process has requested access to an object, but has not been granted those access rights. (0xc0000022)
[0709/215308.856:ERROR:exception_snapshot_win.cc(98)] thread ID 23604 not found in process
[0709/215308.856:ERROR:process_reader_win.cc(151)] SuspendThread: Access is denied. (0x5)
[0709/215308.856:ERROR:process_reader_win.cc(151)] SuspendThread: Access is denied. (0x5)
[0709/215308.856:ERROR:process_reader_win.cc(151)] SuspendThread: Access is denied. (0x5)
[0709/215308.856:ERROR:process_reader_win.cc(123)] NtOpenThread: {Access Denied} A process has requested access to an object, but has not been granted those access rights. (0xc0000022)
[0709/215308.857:ERROR:exception_snapshot_win.cc(98)] thread ID 21848 not found in process
[0709/215308.911:ERROR:process_reader_win.cc(151)] SuspendThread: Access is denied. (0x5)
[0709/215308.911:ERROR:process_reader_win.cc(123)] NtOpenThread: {Access Denied} A process has requested access to an object, but has not been granted those access rights. (0xc0000022)
[0709/215308.915:ERROR:exception_snapshot_win.cc(98)] thread ID 3944 not found in process
[0709/215308.964:ERROR:process_reader_win.cc(151)] SuspendThread: Access is denied. (0x5)
[0709/215308.964:ERROR:process_reader_win.cc(151)] SuspendThread: Access is denied. (0x5)
[0709/215308.964:ERROR:process_reader_win.cc(151)] SuspendThread: Access is denied. (0x5)
[0709/215308.964:ERROR:process_reader_win.cc(151)] SuspendThread: Access is denied. (0x5)
[0709/215308.964:ERROR:process_reader_win.cc(123)] NtOpenThread: {Access Denied} A process has requested access to an object, but has not been granted those access rights. (0xc0000022)
[0709/215308.964:ERROR:exception_snapshot_win.cc(98)] thread ID 23776 not found in process
[0709/215308.977:ERROR:process_reader_win.cc(151)] SuspendThread: Access is denied. (0x5)
[0709/215308.977:ERROR:process_reader_win.cc(151)] SuspendThread: Access is denied. (0x5)
[0709/215308.977:ERROR:process_reader_win.cc(151)] SuspendThread: Access is denied. (0x5)
[0709/215308.977:ERROR:process_reader_win.cc(151)] SuspendThread: Access is denied. (0x5)
[0709/215308.977:ERROR:process_reader_win.cc(151)] SuspendThread: Access is denied. (0x5)
[0709/215308.977:ERROR:process_reader_win.cc(151)] SuspendThread: Access is denied. (0x5)
[0709/215308.977:ERROR:process_reader_win.cc(151)] SuspendThread: Access is denied. (0x5)
[0709/215308.977:ERROR:process_reader_win.cc(151)] SuspendThread: Access is denied. (0x5)
[0709/215308.977:ERROR:process_reader_win.cc(151)] SuspendThread: Access is denied. (0x5)
[0709/215308.977:ERROR:process_reader_win.cc(151)] SuspendThread: Access is denied. (0x5)
[0709/215308.977:ERROR:process_reader_win.cc(151)] SuspendThread: Access is denied. (0x5)
[0709/215308.977:ERROR:process_reader_win.cc(151)] SuspendThread: Access is denied. (0x5)
[0709/215308.977:ERROR:process_reader_win.cc(151)] SuspendThread: Access is denied. (0x5)
[0709/215308.977:ERROR:process_reader_win.cc(151)] SuspendThread: Access is denied. (0x5)
[0709/215308.977:ERROR:process_reader_win.cc(151)] SuspendThread: Access is denied. (0x5)
[0709/215308.977:ERROR:process_reader_win.cc(151)] SuspendThread: Access is denied. (0x5)
[0709/215308.977:ERROR:process_reader_win.cc(151)] SuspendThread: Access is denied. (0x5)
[0709/215308.977:ERROR:process_reader_win.cc(151)] SuspendThread: Access is denied. (0x5)
[0709/215308.977:ERROR:process_reader_win.cc(123)] NtOpenThread: {Access Denied} A process has requested access to an object, but has not been granted those access rights. (0xc0000022)
[0709/215308.977:ERROR:exception_snapshot_win.cc(98)] thread ID 960 not found in process
